This is pdfTeX, Version 3.1415926-1.40.9 (MiKTeX 2.7) (preloaded format=latex 2009.8.11)  25 AUG 2009 16:36
entering extended mode
**Steganography.tex
(Steganography.tex
LaTeX2e <2005/12/01>
Babel <v3.8l> and hyphenation patterns for english, dumylang, nohyphenation, ge
rman, ngerman, german-x-2008-06-18, ngerman-x-2008-06-18, french, loaded.
(IEEEtran.cls
Document Class: IEEEtran 2007/03/05 V1.7a by Michael Shell
-- See the "IEEEtran_HOWTO" manual for usage information.
-- http://www.michaelshell.org/tex/ieeetran/
\@IEEEtrantmpdimenA=\dimen102
\@IEEEtrantmpdimenB=\dimen103
\@IEEEtrantmpcountA=\count79
\@IEEEtrantmpcountB=\count80
\@IEEEtrantmptoksA=\toks14
-- Using IEEE Computer Society mode.
LaTeX Font Info:    Try loading font information for OT1+ptm on input line 366.

("C:\Program Files\MiKTeX 2.7\tex\latex\psnfss\ot1ptm.fd"
File: ot1ptm.fd 2001/06/04 font definitions for OT1/ptm.
)
-- Using 8.5in x 11in (letter) paper.
-- Using DVI output.
\@IEEEnormalsizeunitybaselineskip=\dimen104
-- This is a 10 point document.
\CLASSINFOnormalsizebaselineskip=\dimen105
\CLASSINFOnormalsizeunitybaselineskip=\dimen106
\IEEEnormaljot=\dimen107
LaTeX Font Info:    Font shape `OT1/ptm/bx/n' in size <5> not available
(Font)              Font shape `OT1/ptm/b/n' tried instead on input line 724.
LaTeX Font Info:    Font shape `OT1/ptm/bx/it' in size <5> not available
(Font)              Font shape `OT1/ptm/b/it' tried instead on input line 724.
LaTeX Font Info:    Font shape `OT1/ptm/bx/n' in size <7> not available
(Font)              Font shape `OT1/ptm/b/n' tried instead on input line 724.
LaTeX Font Info:    Font shape `OT1/ptm/bx/it' in size <7> not available
(Font)              Font shape `OT1/ptm/b/it' tried instead on input line 724.
LaTeX Font Info:    Font shape `OT1/ptm/bx/n' in size <8> not available
(Font)              Font shape `OT1/ptm/b/n' tried instead on input line 724.
LaTeX Font Info:    Font shape `OT1/ptm/bx/it' in size <8> not available
(Font)              Font shape `OT1/ptm/b/it' tried instead on input line 724.
LaTeX Font Info:    Font shape `OT1/ptm/bx/n' in size <9> not available
(Font)              Font shape `OT1/ptm/b/n' tried instead on input line 724.
LaTeX Font Info:    Font shape `OT1/ptm/bx/it' in size <9> not available
(Font)              Font shape `OT1/ptm/b/it' tried instead on input line 724.
LaTeX Font Info:    Font shape `OT1/ptm/bx/n' in size <10> not available
(Font)              Font shape `OT1/ptm/b/n' tried instead on input line 724.
LaTeX Font Info:    Font shape `OT1/ptm/bx/it' in size <10> not available
(Font)              Font shape `OT1/ptm/b/it' tried instead on input line 724.
LaTeX Font Info:    Font shape `OT1/ptm/bx/n' in size <11> not available
(Font)              Font shape `OT1/ptm/b/n' tried instead on input line 724.
LaTeX Font Info:    Font shape `OT1/ptm/bx/it' in size <11> not available
(Font)              Font shape `OT1/ptm/b/it' tried instead on input line 724.
LaTeX Font Info:    Font shape `OT1/ptm/bx/n' in size <12> not available
(Font)              Font shape `OT1/ptm/b/n' tried instead on input line 724.
LaTeX Font Info:    Font shape `OT1/ptm/bx/it' in size <12> not available
(Font)              Font shape `OT1/ptm/b/it' tried instead on input line 724.
LaTeX Font Info:    Font shape `OT1/ptm/bx/n' in size <17> not available
(Font)              Font shape `OT1/ptm/b/n' tried instead on input line 724.
LaTeX Font Info:    Font shape `OT1/ptm/bx/it' in size <17> not available
(Font)              Font shape `OT1/ptm/b/it' tried instead on input line 724.
LaTeX Font Info:    Font shape `OT1/ptm/bx/n' in size <20> not available
(Font)              Font shape `OT1/ptm/b/n' tried instead on input line 724.
LaTeX Font Info:    Font shape `OT1/ptm/bx/it' in size <20> not available
(Font)              Font shape `OT1/ptm/b/it' tried instead on input line 724.
LaTeX Font Info:    Font shape `OT1/ptm/bx/n' in size <24> not available
(Font)              Font shape `OT1/ptm/b/n' tried instead on input line 724.
LaTeX Font Info:    Font shape `OT1/ptm/bx/it' in size <24> not available
(Font)              Font shape `OT1/ptm/b/it' tried instead on input line 724.
\IEEEilabelindentA=\dimen108
\IEEEilabelindentB=\dimen109
\IEEEilabelindent=\dimen110
\IEEEelabelindent=\dimen111
\IEEEdlabelindent=\dimen112
\IEEElabelindent=\dimen113
\IEEEiednormlabelsep=\dimen114
\IEEEiedmathlabelsep=\dimen115
\IEEEiedtopsep=\skip41
\c@section=\count81
\c@subsection=\count82
\c@subsubsection=\count83
\c@paragraph=\count84
\c@IEEEsubequation=\count85
\abovecaptionskip=\skip42
\belowcaptionskip=\skip43
\c@figure=\count86
\c@table=\count87
\@IEEEeqnnumcols=\count88
\@IEEEeqncolcnt=\count89
\@IEEEtmpitemindent=\dimen116
\c@IEEEbiography=\count90
\@IEEEtranrubishbin=\box26
) (Steganography.aux

LaTeX Warning: Label `IEEEhowto:kopka' multiply defined.

)
LaTeX Font Info:    Checking defaults for OML/cmm/m/it on input line 351.
LaTeX Font Info:    ... okay on input line 351.
LaTeX Font Info:    Checking defaults for T1/cmr/m/n on input line 351.
LaTeX Font Info:    ... okay on input line 351.
LaTeX Font Info:    Checking defaults for OT1/cmr/m/n on input line 351.
LaTeX Font Info:    ... okay on input line 351.
LaTeX Font Info:    Checking defaults for OMS/cmsy/m/n on input line 351.
LaTeX Font Info:    ... okay on input line 351.
LaTeX Font Info:    Checking defaults for OMX/cmex/m/n on input line 351.
LaTeX Font Info:    ... okay on input line 351.
LaTeX Font Info:    Checking defaults for U/cmr/m/n on input line 351.
LaTeX Font Info:    ... okay on input line 351.
LaTeX Font Info:    Try loading font information for OT1+phv on input line 402.

 ("C:\Program Files\MiKTeX 2.7\tex\latex\psnfss\ot1phv.fd"
File: ot1phv.fd 2001/06/04 scalable font definitions for OT1/phv.
)
LaTeX Font Info:    Font shape `OT1/ptm/bx/n' in size <14> not available
(Font)              Font shape `OT1/ptm/b/n' tried instead on input line 402.

Underfull \hbox (badness 1721) in paragraph at lines 435--436
[]\OT1/ptm/m/n/10 Nowadays steganog-ra-phy has evolved from phys-i-cal
 []


Underfull \hbox (badness 10000) in paragraph at lines 578--580
[]\OT1/ptm/m/it/9 Steganography \OT1/ptm/m/n/9 , Wiki-me-dia Foun-da-tion
 []


Underfull \hbox (badness 10000) in paragraph at lines 578--580
\OT1/ptm/m/n/9 Inc.. 23rd Au-gust 2009, 16th Au-gust
 []

LaTeX Font Info:    External font `cmex10' loaded for size
(Font)              <9> on input line 582.
LaTeX Font Info:    External font `cmex10' loaded for size
(Font)              <6> on input line 582.
LaTeX Font Info:    External font `cmex10' loaded for size
(Font)              <5> on input line 582.

** Conference Paper **
Before submitting the final camera ready copy, remember to:

 1. Manually equalize the lengths of two columns on the last page
 of your paper;

 2. Ensure that any PostScript and/or PDF output post-processing
 uses only Type 1 fonts and that every step in the generation
 process uses the appropriate paper size.

[1


] (Steganography.aux)

LaTeX Warning: There were multiply-defined labels.

 ) 
Here is how much of TeX's memory you used:
 954 strings out of 95305
 16313 string characters out of 1183059
 66337 words of memory out of 1500000
 4225 multiletter control sequences out of 110000
 28206 words of font info for 63 fonts, out of 3000000 for 5000
 17 hyphenation exceptions out of 8191
 26i,8n,19p,1194b,297s stack positions out of 5000i,500n,10000p,200000b,50000s

Output written on Steganography.dvi (1 page, 4772 bytes).
